<?xml version="1.0" encoding="UTF-8"?>
<testsuite xmlns:xsi="http://www.w3.org/2001/XMLSchema-instance" xsi:noNamespaceSchemaLocation="https://maven.apache.org/surefire/maven-surefire-plugin/xsd/surefire-test-report-3.0.xsd" version="3.0" name="TestSuite" time="25.529" tests="2" errors="0" skipped="0" failures="0">
  <properties>
[...]
</properties>
  <testcase name="loginTest" classname="com.OrangeHRM.testCases.TC001_UserLogin" time="7.168">
    <system-out><![CDATA[[TestNGContentHandler] [WARN] It is strongly recommended to add "<!DOCTYPE suite SYSTEM "http://testng.org/testng-1.0.dtd" >" at the top of your file, otherwise TestNG may fail or not work as expected.
[INFO ] 06-05-2022 10:04:15.296 TC001_UserLogin - Firefox Browser is launched
[INFO ] 06-05-2022 10:04:16.433 TC001_UserLogin - Orange HRM application is launched
[INFO ] 06-05-2022 10:04:17.897 LoginPage - Username entered is - Admin
[INFO ] 06-05-2022 10:04:19.252 LoginPage - Password entered is - admin123
[INFO ] 06-05-2022 10:04:22.020 LoginPage - Clicked on Login button
[INFO ] 06-05-2022 10:04:23.558 TC001_UserLogin - Screenshot captured successfully
[INFO ] 06-05-2022 10:04:23.558 TC001_UserLogin - User logged into application
]]></system-out>
    <system-err><![CDATA[SLF4J: Failed to load class "org.slf4j.impl.StaticLoggerBinder".
SLF4J: Defaulting to no-operation (NOP) logger implementation
SLF4J: See http://www.slf4j.org/codes.html#StaticLoggerBinder for further details.
1651889050546	geckodriver	INFO	Listening on 127.0.0.1:33585
1651889051237	mozrunner::runner	INFO	Running command: "C:\\Program Files\\Mozilla Firefox\\firefox.exe" "--marionette" "-no-remote" "-profile" "C:\\Users\\nares\\AppData\\Local\\Temp\\rust_mozprofilee36Pn8"
1651889052099	Marionette	INFO	Marionette enabled
console.warn: SearchSettings: "get: No settings file exists, new profile?" (new NotFoundError("Could not open the file at C:\\Users\\nares\\AppData\\Local\\Temp\\rust_mozprofilee36Pn8\\search.json.mozlz4", (void 0)))
1651889055151	Marionette	INFO	Listening on port 51746
Read port: 51746
1651889055206	RemoteAgent	WARN	TLS certificate errors will be ignored for this session
May 06, 2022 10:04:15 PM org.openqa.selenium.remote.ProtocolHandshake createSession
INFO: Detected dialect: W3C
console.warn: LoginRecipes: "getRecipes: falling back to a synchronous message for:" "https://opensource-demo.orangehrmlive.com"
console.warn: LoginReciJpaesv:a S"cgript eetrrRoerc:i preess:o fuarlcle:i/n/gg rbea/cmko dtuole sa/L osgiynnMcanhargoenroPuasr emnests.ajgsme, f olr:i"n "eht t1ps3:6/:/o peTnsyoupreceE-rdemor.oraongre:hr mlgiRve.com"e
cipeManager is null
]]></system-err>
  </testcase>
  <testcase name="forgotPasswordLinkTest" classname="com.OrangeHRM.testCases.TC002_ForgotPasswordLinkDisplayed" time="1.456">
    <system-out><![CDATA[[INFO ] 06-05-2022 10:04:24.526 TC001_UserLogin - Browser closed successfully
[INFO ] 06-05-2022 10:04:29.069 TC002_ForgotPasswordLinkDisplayed - Firefox Browser is launched
[INFO ] 06-05-2022 10:04:30.169 TC002_ForgotPasswordLinkDisplayed - Orange HRM application is launched
[INFO ] 06-05-2022 10:04:31.488 LoginPage - Link name is - Forgot your password?
[INFO ] 06-05-2022 10:04:31.734 TC002_ForgotPasswordLinkDisplayed - Screenshot captured successfully
[INFO ] 06-05-2022 10:04:31.734 TC002_ForgotPasswordLinkDisplayed - Forgot your password? link is existing
]]></system-out>
    <system-err><![CDATA[1651889063582	Marionette	INFO	Stopped listening on port 51746
1651889065660	geckodriver	INFO	Listening on 127.0.0.1:41892
1651889066157	mozrunner::runner	INFO	Running command: "C:\\Program Files\\Mozilla Firefox\\firefox.exe" "--marionette" "-no-remote" "-profile" "C:\\Users\\nares\\AppData\\Local\\Temp\\rust_mozprofile2XSuUw"
1651889066587	Marionette	INFO	Marionette enabled
console.warn: SearchSettings: "get: No settings file exists, new profile?" (new NotFoundError("Could not open the file at C:\\Users\\nares\\AppData\\Local\\Temp\\rust_mozprofile2XSuUw\\search.json.mozlz4", (void 0)))
1651889068962	Marionette	INFO	Listening on port 51804
Read port: 51804
1651889069046	RemoteAgent	WARN	TLS certificate errors will be ignored for this session
May 06, 2022 10:04:29 PM org.openqa.selenium.remote.ProtocolHandshake createSession
INFO: Detected dialect: W3C
]]></system-err>
  </testcase>
</testsuite>